  GeneticAlgorithm.cpp
d:\university\pathfinding\pathfinding\geneticalgorithm.cpp(8): warning C4244: 'argument': conversion from 'time_t' to 'unsigned int', possible loss of data
d:\university\pathfinding\pathfinding\geneticalgorithm.cpp(48): warning C4018: '<': signed/unsigned mismatch
d:\university\pathfinding\pathfinding\geneticalgorithm.cpp(50): warning C4018: '<': signed/unsigned mismatch
d:\university\pathfinding\pathfinding\geneticalgorithm.cpp(52): warning C4018: '<': signed/unsigned mismatch
d:\university\pathfinding\pathfinding\geneticalgorithm.cpp(70): warning C4018: '<': signed/unsigned mismatch
d:\university\pathfinding\pathfinding\geneticalgorithm.cpp(100): warning C4018: '<': signed/unsigned mismatch
d:\university\pathfinding\pathfinding\geneticalgorithm.cpp(128): warning C4018: '<': signed/unsigned mismatch
d:\university\pathfinding\pathfinding\geneticalgorithm.cpp(130): warning C4018: '<': signed/unsigned mismatch
d:\university\pathfinding\pathfinding\geneticalgorithm.cpp(154): warning C4018: '<': signed/unsigned mismatch
d:\university\pathfinding\pathfinding\geneticalgorithm.cpp(161): warning C4018: '<': signed/unsigned mismatch
d:\university\pathfinding\pathfinding\geneticalgorithm.cpp(192): warning C4018: '<': signed/unsigned mismatch
d:\university\pathfinding\pathfinding\geneticalgorithm.cpp(196): warning C4018: '<': signed/unsigned mismatch
d:\university\pathfinding\pathfinding\geneticalgorithm.cpp(215): warning C4018: '<': signed/unsigned mismatch
d:\university\pathfinding\pathfinding\geneticalgorithm.cpp(220): warning C4018: '<': signed/unsigned mismatch
d:\university\pathfinding\pathfinding\geneticalgorithm.cpp(232): warning C4018: '<': signed/unsigned mismatch
d:\university\pathfinding\pathfinding\geneticalgorithm.cpp(244): warning C4018: '<': signed/unsigned mismatch
d:\university\pathfinding\pathfinding\geneticalgorithm.cpp(246): warning C4018: '<': signed/unsigned mismatch
d:\university\pathfinding\pathfinding\geneticalgorithm.cpp(260): warning C4018: '<': signed/unsigned mismatch
d:\university\pathfinding\pathfinding\geneticalgorithm.cpp(270): warning C4018: '<': signed/unsigned mismatch
d:\university\pathfinding\pathfinding\geneticalgorithm.cpp(277): warning C4244: 'initializing': conversion from 'double' to 'float', possible loss of data
d:\university\pathfinding\pathfinding\geneticalgorithm.cpp(279): warning C4018: '<': signed/unsigned mismatch
d:\university\pathfinding\pathfinding\geneticalgorithm.cpp(309): warning C4018: '<': signed/unsigned mismatch
d:\university\pathfinding\pathfinding\geneticalgorithm.cpp(313): warning C4018: '<': signed/unsigned mismatch
  Generating code
  1 of 758 functions ( 0.1%) were compiled, the rest were copied from previous compilation.
    0 functions were new in current compilation
    1 functions had inline decision re-evaluated but remain unchanged
  Finished generating code
  Pathfinding.vcxproj -> D:\UNIVERSITY\Pathfinding\Release\Pathfinding.exe
