  AStar.cpp
d:\university\pathfinding\pathfinding\astar.h(9): error C4430: missing type specifier - int assumed. Note: C++ does not support default-int
d:\university\pathfinding\pathfinding\astar.h(9): error C2146: syntax error: missing ';' before identifier 'pathFind'
d:\university\pathfinding\pathfinding\astar.cpp(84): error C2872: 'string': ambiguous symbol
  d:\university\pathfinding\pathfinding\astar.h(9): note: could be 'int string'
  c:\program files (x86)\microsoft visual studio\2017\community\vc\tools\msvc\14.14.26428\include\xstring(4347): note: or       'std::string'
d:\university\pathfinding\pathfinding\astar.cpp(84): error C4430: missing type specifier - int assumed. Note: C++ does not support default-int
d:\university\pathfinding\pathfinding\astar.cpp(84): error C2086: 'int string': redefinition
  d:\university\pathfinding\pathfinding\astar.h(9): note: see declaration of 'string'
d:\university\pathfinding\pathfinding\astar.cpp(84): error C2146: syntax error: missing ';' before identifier 'pathFind'
d:\university\pathfinding\pathfinding\astar.cpp(85): error C2143: syntax error: missing ';' before '{'
d:\university\pathfinding\pathfinding\astar.cpp(85): error C2447: '{': missing function header (old-style formal list?)
d:\university\pathfinding\pathfinding\astar.cpp(209): warning C4244: 'argument': conversion from 'time_t' to 'unsigned int', possible loss of data
d:\university\pathfinding\pathfinding\astar.cpp(246): error C2872: 'string': ambiguous symbol
  d:\university\pathfinding\pathfinding\astar.h(9): note: could be 'int string'
  c:\program files (x86)\microsoft visual studio\2017\community\vc\tools\msvc\14.14.26428\include\xstring(4347): note: or       'std::string'
d:\university\pathfinding\pathfinding\astar.cpp(246): error C2146: syntax error: missing ';' before identifier 'route'
d:\university\pathfinding\pathfinding\astar.cpp(246): error C2065: 'route': undeclared identifier
d:\university\pathfinding\pathfinding\astar.cpp(246): error C3861: 'pathFind': identifier not found
d:\university\pathfinding\pathfinding\astar.cpp(247): error C2065: 'route': undeclared identifier
d:\university\pathfinding\pathfinding\astar.cpp(252): error C2065: 'route': undeclared identifier
d:\university\pathfinding\pathfinding\astar.cpp(255): error C2065: 'route': undeclared identifier
d:\university\pathfinding\pathfinding\astar.cpp(255): error C2228: left of '.length' must have class/struct/union
  d:\university\pathfinding\pathfinding\astar.cpp(255): note: type is 'unknown-type'
d:\university\pathfinding\pathfinding\astar.cpp(261): error C2065: 'route': undeclared identifier
d:\university\pathfinding\pathfinding\astar.cpp(261): error C2228: left of '.length' must have class/struct/union
  d:\university\pathfinding\pathfinding\astar.cpp(261): note: type is 'unknown-type'
d:\university\pathfinding\pathfinding\astar.cpp(263): error C2065: 'route': undeclared identifier
d:\university\pathfinding\pathfinding\astar.cpp(263): error C2228: left of '.at' must have class/struct/union
  d:\university\pathfinding\pathfinding\astar.cpp(263): note: type is 'unknown-type'
  Main.cpp
d:\university\pathfinding\pathfinding\astar.h(7): warning C4099: 'node': type name first seen using 'struct' now seen using 'class'
  d:\university\pathfinding\pathfinding\geneticalgorithm.h(32): note: see declaration of 'node'
d:\university\pathfinding\pathfinding\astar.h(9): error C4430: missing type specifier - int assumed. Note: C++ does not support default-int
d:\university\pathfinding\pathfinding\astar.h(9): error C2146: syntax error: missing ';' before identifier 'pathFind'
d:\university\pathfinding\pathfinding\main.cpp(39): warning C4305: '+=': truncation from 'double' to 'float'
  Generating Code...
